[2025-02-21 19:11:16] [INFO] [SaratangApplication] - Starting SaratangApplication using Java 1.8.0_401 on 24정보전략부노트북1 with PID 1956 (C:\Users\SAC_IT(1)\git\saratang\saratang\target\classes started by 2024정보전략부노트북1 in C:\Users\SAC_IT(1)\git\saratang\saratang)
[2025-02-21 19:11:16] [DEBUG] [SaratangApplication] - Running with Spring Boot v2.7.10, Spring v5.3.26
[2025-02-21 19:11:16] [INFO] [SaratangApplication] - No active profile set, falling back to 1 default profile: "default"
[2025-02-21 19:11:18] [INFO] [TomcatWebServer] - Tomcat initialized with port(s): 8080 (http)
[2025-02-21 19:11:18] [INFO] [Http11NioProtocol] - Initializing ProtocolHandler ["http-nio-8080"]
[2025-02-21 19:11:18] [INFO] [StandardService] - Starting service [Tomcat]
[2025-02-21 19:11:18] [INFO] [StandardEngine] - Starting Servlet engine: [Apache Tomcat/9.0.73]
[2025-02-21 19:11:18] [INFO] [[/]] - Initializing Spring embedded WebApplicationContext
[2025-02-21 19:11:18] [INFO] [ServletWebServerApplicationContext] - Root WebApplicationContext: initialization completed in 1926 ms
[2025-02-21 19:11:21] [INFO] [Http11NioProtocol] - Starting ProtocolHandler ["http-nio-8080"]
[2025-02-21 19:11:21] [INFO] [TomcatWebServer] - Tomcat started on port(s): 8080 (http) with context path ''
[2025-02-21 19:11:21] [INFO] [SaratangApplication] - Started SaratangApplication in 5.136 seconds (JVM running for 6.732)
[2025-02-21 19:14:05] [INFO] [[/]] - Initializing Spring DispatcherServlet 'dispatcherServlet'
[2025-02-21 19:14:05] [INFO] [DispatcherServlet] - Initializing Servlet 'dispatcherServlet'
[2025-02-21 19:14:05] [INFO] [DispatcherServlet] - Completed initialization in 1 ms
[2025-02-21 19:14:19] [INFO] [AuthController] - SNS 로그인 요청 - Provider: naver, Session ID: AF61ACE425619871B2B31C91A0B2203F
[2025-02-21 19:14:20] [INFO] [AuthServiceImpl] - Sending request to: https://openapi.naver.com/v1/nid/me
[2025-02-21 19:14:20] [INFO] [AuthServiceImpl] - Response received: {resultcode=00, message=success, response={id=5F2NigD2ts7TaJmq6SyVOp7IRa1CpdzW0M_3Q-Rd6w4, nickname=김지뮤, profile_image=https://ssl.pstatic.net/static/pwe/address/img_profile.png, age=30-39, gender=M, email=wls922@naver.com, mobile=010-9050-8268, mobile_e164=+821090508268, name=김진유, birthday=09-22, birthyear=1994}}
[2025-02-21 19:14:20] [INFO] [HikariDataSource] - HikariPool-1 - Starting...
[2025-02-21 19:14:20] [INFO] [HikariDataSource] - HikariPool-1 - Start completed.
[2025-02-21 19:14:20] [DEBUG] [findBySocialId] - ==>  Preparing: SELECT * FROM users WHERE social_id = ? AND auth_provider = ?
[2025-02-21 19:14:20] [DEBUG] [findBySocialId] - ==> Parameters: 5F2NigD2ts7TaJmq6SyVOp7IRa1CpdzW0M_3Q-Rd6w4(String), naver(String)
[2025-02-21 19:14:20] [DEBUG] [findBySocialId] - <==      Total: 1
[2025-02-21 19:14:20] [INFO] [AuthController] - 프로필 입력 필요 - Social ID: 5F2NigD2ts7TaJmq6SyVOp7IRa1CpdzW0M_3Q-Rd6w4
[2025-02-21 19:17:51] [INFO] [AuthController] - SNS 로그인 요청 - Provider: naver, Session ID: AF61ACE425619871B2B31C91A0B2203F
[2025-02-21 19:17:51] [INFO] [AuthServiceImpl] - Sending request to: https://openapi.naver.com/v1/nid/me
[2025-02-21 19:17:51] [INFO] [AuthServiceImpl] - Response received: {resultcode=00, message=success, response={id=5F2NigD2ts7TaJmq6SyVOp7IRa1CpdzW0M_3Q-Rd6w4, nickname=김지뮤, profile_image=https://ssl.pstatic.net/static/pwe/address/img_profile.png, age=30-39, gender=M, email=wls922@naver.com, mobile=010-9050-8268, mobile_e164=+821090508268, name=김진유, birthday=09-22, birthyear=1994}}
[2025-02-21 19:17:51] [DEBUG] [findBySocialId] - ==>  Preparing: SELECT * FROM users WHERE social_id = ? AND auth_provider = ?
[2025-02-21 19:17:51] [DEBUG] [findBySocialId] - ==> Parameters: 5F2NigD2ts7TaJmq6SyVOp7IRa1CpdzW0M_3Q-Rd6w4(String), naver(String)
[2025-02-21 19:17:51] [DEBUG] [findBySocialId] - <==      Total: 1
[2025-02-21 19:17:51] [INFO] [AuthController] - 프로필 입력 필요 - Social ID: 5F2NigD2ts7TaJmq6SyVOp7IRa1CpdzW0M_3Q-Rd6w4
[2025-02-21 19:18:32] [INFO] [AuthController] - SNS 로그인 요청 - Provider: naver, Session ID: AF61ACE425619871B2B31C91A0B2203F
[2025-02-21 19:18:32] [INFO] [AuthServiceImpl] - Sending request to: https://openapi.naver.com/v1/nid/me
[2025-02-21 19:18:32] [INFO] [AuthServiceImpl] - Response received: {resultcode=00, message=success, response={id=5F2NigD2ts7TaJmq6SyVOp7IRa1CpdzW0M_3Q-Rd6w4, nickname=김지뮤, profile_image=https://ssl.pstatic.net/static/pwe/address/img_profile.png, age=30-39, gender=M, email=wls922@naver.com, mobile=010-9050-8268, mobile_e164=+821090508268, name=김진유, birthday=09-22, birthyear=1994}}
[2025-02-21 19:18:32] [DEBUG] [findBySocialId] - ==>  Preparing: SELECT * FROM users WHERE social_id = ? AND auth_provider = ?
[2025-02-21 19:18:32] [DEBUG] [findBySocialId] - ==> Parameters: 5F2NigD2ts7TaJmq6SyVOp7IRa1CpdzW0M_3Q-Rd6w4(String), naver(String)
[2025-02-21 19:18:32] [DEBUG] [findBySocialId] - <==      Total: 1
[2025-02-21 19:18:32] [INFO] [AuthController] - SNS 로그인 성공 - User: wls92fds2@naver.com
[2025-02-21 19:21:25] [INFO] [AuthController] - SNS 로그인 요청 - Provider: kakao, Session ID: AF61ACE425619871B2B31C91A0B2203F
[2025-02-21 19:21:25] [INFO] [AuthServiceImpl] - Sending request to: https://kapi.kakao.com/v2/user/me
[2025-02-21 19:21:25] [INFO] [AuthServiceImpl] - Response received: {id=3919432960, connected_at=2025-02-13T06:07:46Z, properties={nickname=김진유}, kakao_account={profile_nickname_needs_agreement=false, profile={nickname=김진유, is_default_nickname=false}, has_email=true, email_needs_agreement=false, is_email_valid=true, is_email_verified=true, email=wls922@naver.com}}
[2025-02-21 19:21:25] [DEBUG] [findBySocialId] - ==>  Preparing: SELECT * FROM users WHERE social_id = ? AND auth_provider = ?
[2025-02-21 19:21:25] [DEBUG] [findBySocialId] - ==> Parameters: 3919432960(String), kakao(String)
[2025-02-21 19:21:25] [DEBUG] [findBySocialId] - <==      Total: 1
[2025-02-21 19:21:25] [INFO] [AuthController] - 프로필 입력 필요 - Social ID: 3919432960
[2025-02-21 19:22:03] [INFO] [AuthController] - SNS 로그인 요청 - Provider: kakao, Session ID: AF61ACE425619871B2B31C91A0B2203F
[2025-02-21 19:22:03] [ERROR] [AuthServiceImpl] - SNS 로그인 중 오류 발생: Access Token 요청 실패
java.lang.RuntimeException: Access Token 요청 실패
	at com.swyp.saratang.service.AuthServiceImpl.getAccessToken(AuthServiceImpl.java:155) ~[classes/:?]
	at com.swyp.saratang.service.AuthServiceImpl.snsLogin(AuthServiceImpl.java:76) ~[classes/:?]
	at com.swyp.saratang.controller.AuthController.snsLogin(AuthController.java:54) ~[classes/:?]
	at sun.reflect.NativeMethodAccessorImpl.invoke0(Native Method) ~[?:1.8.0_401]
	at sun.reflect.NativeMethodAccessorImpl.invoke(NativeMethodAccessorImpl.java:62) ~[?:1.8.0_401]
	at sun.reflect.DelegatingMethodAccessorImpl.invoke(DelegatingMethodAccessorImpl.java:43) ~[?:1.8.0_401]
	at java.lang.reflect.Method.invoke(Method.java:498) ~[?:1.8.0_401]
	at org.springframework.web.method.support.InvocableHandlerMethod.doInvoke(InvocableHandlerMethod.java:205) ~[spring-web-5.3.26.jar:5.3.26]
	at org.springframework.web.method.support.InvocableHandlerMethod.invokeForRequest(InvocableHandlerMethod.java:150) ~[spring-web-5.3.26.jar:5.3.26]
	at org.springframework.web.servlet.mvc.method.annotation.ServletInvocableHandlerMethod.invokeAndHandle(ServletInvocableHandlerMethod.java:117) ~[spring-webmvc-5.3.26.jar:5.3.26]
	at org.springframework.web.servlet.mvc.method.annotation.RequestMappingHandlerAdapter.invokeHandlerMethod(RequestMappingHandlerAdapter.java:895) ~[spring-webmvc-5.3.26.jar:5.3.26]
	at org.springframework.web.servlet.mvc.method.annotation.RequestMappingHandlerAdapter.handleInternal(RequestMappingHandlerAdapter.java:808) ~[spring-webmvc-5.3.26.jar:5.3.26]
	at org.springframework.web.servlet.mvc.method.AbstractHandlerMethodAdapter.handle(AbstractHandlerMethodAdapter.java:87) ~[spring-webmvc-5.3.26.jar:5.3.26]
	at org.springframework.web.servlet.DispatcherServlet.doDispatch(DispatcherServlet.java:1072) ~[spring-webmvc-5.3.26.jar:5.3.26]
	at org.springframework.web.servlet.DispatcherServlet.doService(DispatcherServlet.java:965) ~[spring-webmvc-5.3.26.jar:5.3.26]
	at org.springframework.web.servlet.FrameworkServlet.processRequest(FrameworkServlet.java:1006) ~[spring-webmvc-5.3.26.jar:5.3.26]
	at org.springframework.web.servlet.FrameworkServlet.doPost(FrameworkServlet.java:909) ~[spring-webmvc-5.3.26.jar:5.3.26]
	at javax.servlet.http.HttpServlet.service(HttpServlet.java:528) ~[tomcat-embed-core-9.0.73.jar:4.0.FR]
	at org.springframework.web.servlet.FrameworkServlet.service(FrameworkServlet.java:883) ~[spring-webmvc-5.3.26.jar:5.3.26]
	at javax.servlet.http.HttpServlet.service(HttpServlet.java:596) ~[tomcat-embed-core-9.0.73.jar:4.0.FR]
	at org.apache.catalina.core.ApplicationFilterChain.internalDoFilter(ApplicationFilterChain.java:209) ~[tomcat-embed-core-9.0.73.jar:9.0.73]
	at org.apache.catalina.core.ApplicationFilterChain.doFilter(ApplicationFilterChain.java:153) ~[tomcat-embed-core-9.0.73.jar:9.0.73]
	at org.apache.tomcat.websocket.server.WsFilter.doFilter(WsFilter.java:53) ~[tomcat-embed-websocket-9.0.73.jar:9.0.73]
	at org.apache.catalina.core.ApplicationFilterChain.internalDoFilter(ApplicationFilterChain.java:178) ~[tomcat-embed-core-9.0.73.jar:9.0.73]
	at org.apache.catalina.core.ApplicationFilterChain.doFilter(ApplicationFilterChain.java:153) ~[tomcat-embed-core-9.0.73.jar:9.0.73]
	at org.springframework.web.servlet.resource.ResourceUrlEncodingFilter.doFilter(ResourceUrlEncodingFilter.java:67) ~[spring-webmvc-5.3.26.jar:5.3.26]
	at org.apache.catalina.core.ApplicationFilterChain.internalDoFilter(ApplicationFilterChain.java:178) ~[tomcat-embed-core-9.0.73.jar:9.0.73]
	at org.apache.catalina.core.ApplicationFilterChain.doFilter(ApplicationFilterChain.java:153) ~[tomcat-embed-core-9.0.73.jar:9.0.73]
	at org.springframework.web.filter.RequestContextFilter.doFilterInternal(RequestContextFilter.java:100) ~[spring-web-5.3.26.jar:5.3.26]
	at org.springframework.web.filter.OncePerRequestFilter.doFilter(OncePerRequestFilter.java:117) ~[spring-web-5.3.26.jar:5.3.26]
	at org.apache.catalina.core.ApplicationFilterChain.internalDoFilter(ApplicationFilterChain.java:178) ~[tomcat-embed-core-9.0.73.jar:9.0.73]
	at org.apache.catalina.core.ApplicationFilterChain.doFilter(ApplicationFilterChain.java:153) ~[tomcat-embed-core-9.0.73.jar:9.0.73]
	at org.springframework.web.filter.FormContentFilter.doFilterInternal(FormContentFilter.java:93) ~[spring-web-5.3.26.jar:5.3.26]
	at org.springframework.web.filter.OncePerRequestFilter.doFilter(OncePerRequestFilter.java:117) ~[spring-web-5.3.26.jar:5.3.26]
	at org.apache.catalina.core.ApplicationFilterChain.internalDoFilter(ApplicationFilterChain.java:178) ~[tomcat-embed-core-9.0.73.jar:9.0.73]
	at org.apache.catalina.core.ApplicationFilterChain.doFilter(ApplicationFilterChain.java:153) ~[tomcat-embed-core-9.0.73.jar:9.0.73]
	at org.springframework.web.filter.CharacterEncodingFilter.doFilterInternal(CharacterEncodingFilter.java:201) ~[spring-web-5.3.26.jar:5.3.26]
	at org.springframework.web.filter.OncePerRequestFilter.doFilter(OncePerRequestFilter.java:117) ~[spring-web-5.3.26.jar:5.3.26]
	at org.apache.catalina.core.ApplicationFilterChain.internalDoFilter(ApplicationFilterChain.java:178) ~[tomcat-embed-core-9.0.73.jar:9.0.73]
	at org.apache.catalina.core.ApplicationFilterChain.doFilter(ApplicationFilterChain.java:153) ~[tomcat-embed-core-9.0.73.jar:9.0.73]
	at org.apache.catalina.core.StandardWrapperValve.invoke(StandardWrapperValve.java:167) ~[tomcat-embed-core-9.0.73.jar:9.0.73]
	at org.apache.catalina.core.StandardContextValve.invoke(StandardContextValve.java:90) ~[tomcat-embed-core-9.0.73.jar:9.0.73]
	at org.apache.catalina.authenticator.AuthenticatorBase.invoke(AuthenticatorBase.java:492) ~[tomcat-embed-core-9.0.73.jar:9.0.73]
	at org.apache.catalina.core.StandardHostValve.invoke(StandardHostValve.java:130) ~[tomcat-embed-core-9.0.73.jar:9.0.73]
	at org.apache.catalina.valves.ErrorReportValve.invoke(ErrorReportValve.java:93) ~[tomcat-embed-core-9.0.73.jar:9.0.73]
	at org.apache.catalina.core.StandardEngineValve.invoke(StandardEngineValve.java:74) ~[tomcat-embed-core-9.0.73.jar:9.0.73]
	at org.apache.catalina.connector.CoyoteAdapter.service(CoyoteAdapter.java:343) ~[tomcat-embed-core-9.0.73.jar:9.0.73]
	at org.apache.coyote.http11.Http11Processor.service(Http11Processor.java:389) ~[tomcat-embed-core-9.0.73.jar:9.0.73]
	at org.apache.coyote.AbstractProcessorLight.process(AbstractProcessorLight.java:63) ~[tomcat-embed-core-9.0.73.jar:9.0.73]
	at org.apache.coyote.AbstractProtocol$ConnectionHandler.process(AbstractProtocol.java:926) ~[tomcat-embed-core-9.0.73.jar:9.0.73]
	at org.apache.tomcat.util.net.NioEndpoint$SocketProcessor.doRun(NioEndpoint.java:1791) ~[tomcat-embed-core-9.0.73.jar:9.0.73]
	at org.apache.tomcat.util.net.SocketProcessorBase.run(SocketProcessorBase.java:49) ~[tomcat-embed-core-9.0.73.jar:9.0.73]
	at org.apache.tomcat.util.threads.ThreadPoolExecutor.runWorker(ThreadPoolExecutor.java:1191) ~[tomcat-embed-core-9.0.73.jar:9.0.73]
	at org.apache.tomcat.util.threads.ThreadPoolExecutor$Worker.run(ThreadPoolExecutor.java:659) ~[tomcat-embed-core-9.0.73.jar:9.0.73]
	at org.apache.tomcat.util.threads.TaskThread$WrappingRunnable.run(TaskThread.java:61) ~[tomcat-embed-core-9.0.73.jar:9.0.73]
	at java.lang.Thread.run(Thread.java:750) ~[?:1.8.0_401]
Caused by: org.springframework.web.client.HttpClientErrorException$BadRequest: 400 : "{"error":"invalid_grant","error_description":"authorization code not found for code=nQr9i6j1bC4v9TUVeCEvNnDXxObjU0ni6H1xUtnH87K6uHxXGQqv6wAAAAQKKclgAAABlSgGimykJA3lYdtGWQ","error_code":"KOE320"}"
	at org.springframework.web.client.HttpClientErrorException.create(HttpClientErrorException.java:101) ~[spring-web-5.3.26.jar:5.3.26]
	at org.springframework.web.client.DefaultResponseErrorHandler.handleError(DefaultResponseErrorHandler.java:168) ~[spring-web-5.3.26.jar:5.3.26]
	at org.springframework.web.client.DefaultResponseErrorHandler.handleError(DefaultResponseErrorHandler.java:122) ~[spring-web-5.3.26.jar:5.3.26]
	at org.springframework.web.client.ResponseErrorHandler.handleError(ResponseErrorHandler.java:63) ~[spring-web-5.3.26.jar:5.3.26]
	at org.springframework.web.client.RestTemplate.handleResponse(RestTemplate.java:825) ~[spring-web-5.3.26.jar:5.3.26]
	at org.springframework.web.client.RestTemplate.doExecute(RestTemplate.java:783) ~[spring-web-5.3.26.jar:5.3.26]
	at org.springframework.web.client.RestTemplate.execute(RestTemplate.java:717) ~[spring-web-5.3.26.jar:5.3.26]
	at org.springframework.web.client.RestTemplate.exchange(RestTemplate.java:608) ~[spring-web-5.3.26.jar:5.3.26]
	at com.swyp.saratang.service.AuthServiceImpl.getAccessToken(AuthServiceImpl.java:143) ~[classes/:?]
	... 55 more
[2025-02-21 19:22:03] [ERROR] [AuthController] - SNS 로그인 중 오류 발생: 토큰 요청 중 오류
java.lang.RuntimeException: 토큰 요청 중 오류
	at com.swyp.saratang.service.AuthServiceImpl.snsLogin(AuthServiceImpl.java:112) ~[classes/:?]
	at com.swyp.saratang.controller.AuthController.snsLogin(AuthController.java:54) ~[classes/:?]
	at sun.reflect.NativeMethodAccessorImpl.invoke0(Native Method) ~[?:1.8.0_401]
	at sun.reflect.NativeMethodAccessorImpl.invoke(NativeMethodAccessorImpl.java:62) ~[?:1.8.0_401]
	at sun.reflect.DelegatingMethodAccessorImpl.invoke(DelegatingMethodAccessorImpl.java:43) ~[?:1.8.0_401]
	at java.lang.reflect.Method.invoke(Method.java:498) ~[?:1.8.0_401]
	at org.springframework.web.method.support.InvocableHandlerMethod.doInvoke(InvocableHandlerMethod.java:205) ~[spring-web-5.3.26.jar:5.3.26]
	at org.springframework.web.method.support.InvocableHandlerMethod.invokeForRequest(InvocableHandlerMethod.java:150) ~[spring-web-5.3.26.jar:5.3.26]
	at org.springframework.web.servlet.mvc.method.annotation.ServletInvocableHandlerMethod.invokeAndHandle(ServletInvocableHandlerMethod.java:117) ~[spring-webmvc-5.3.26.jar:5.3.26]
	at org.springframework.web.servlet.mvc.method.annotation.RequestMappingHandlerAdapter.invokeHandlerMethod(RequestMappingHandlerAdapter.java:895) ~[spring-webmvc-5.3.26.jar:5.3.26]
	at org.springframework.web.servlet.mvc.method.annotation.RequestMappingHandlerAdapter.handleInternal(RequestMappingHandlerAdapter.java:808) ~[spring-webmvc-5.3.26.jar:5.3.26]
	at org.springframework.web.servlet.mvc.method.AbstractHandlerMethodAdapter.handle(AbstractHandlerMethodAdapter.java:87) ~[spring-webmvc-5.3.26.jar:5.3.26]
	at org.springframework.web.servlet.DispatcherServlet.doDispatch(DispatcherServlet.java:1072) ~[spring-webmvc-5.3.26.jar:5.3.26]
	at org.springframework.web.servlet.DispatcherServlet.doService(DispatcherServlet.java:965) ~[spring-webmvc-5.3.26.jar:5.3.26]
	at org.springframework.web.servlet.FrameworkServlet.processRequest(FrameworkServlet.java:1006) ~[spring-webmvc-5.3.26.jar:5.3.26]
	at org.springframework.web.servlet.FrameworkServlet.doPost(FrameworkServlet.java:909) ~[spring-webmvc-5.3.26.jar:5.3.26]
	at javax.servlet.http.HttpServlet.service(HttpServlet.java:528) ~[tomcat-embed-core-9.0.73.jar:4.0.FR]
	at org.springframework.web.servlet.FrameworkServlet.service(FrameworkServlet.java:883) ~[spring-webmvc-5.3.26.jar:5.3.26]
	at javax.servlet.http.HttpServlet.service(HttpServlet.java:596) ~[tomcat-embed-core-9.0.73.jar:4.0.FR]
	at org.apache.catalina.core.ApplicationFilterChain.internalDoFilter(ApplicationFilterChain.java:209) ~[tomcat-embed-core-9.0.73.jar:9.0.73]
	at org.apache.catalina.core.ApplicationFilterChain.doFilter(ApplicationFilterChain.java:153) ~[tomcat-embed-core-9.0.73.jar:9.0.73]
	at org.apache.tomcat.websocket.server.WsFilter.doFilter(WsFilter.java:53) ~[tomcat-embed-websocket-9.0.73.jar:9.0.73]
	at org.apache.catalina.core.ApplicationFilterChain.internalDoFilter(ApplicationFilterChain.java:178) ~[tomcat-embed-core-9.0.73.jar:9.0.73]
	at org.apache.catalina.core.ApplicationFilterChain.doFilter(ApplicationFilterChain.java:153) ~[tomcat-embed-core-9.0.73.jar:9.0.73]
	at org.springframework.web.servlet.resource.ResourceUrlEncodingFilter.doFilter(ResourceUrlEncodingFilter.java:67) ~[spring-webmvc-5.3.26.jar:5.3.26]
	at org.apache.catalina.core.ApplicationFilterChain.internalDoFilter(ApplicationFilterChain.java:178) ~[tomcat-embed-core-9.0.73.jar:9.0.73]
	at org.apache.catalina.core.ApplicationFilterChain.doFilter(ApplicationFilterChain.java:153) ~[tomcat-embed-core-9.0.73.jar:9.0.73]
	at org.springframework.web.filter.RequestContextFilter.doFilterInternal(RequestContextFilter.java:100) ~[spring-web-5.3.26.jar:5.3.26]
	at org.springframework.web.filter.OncePerRequestFilter.doFilter(OncePerRequestFilter.java:117) ~[spring-web-5.3.26.jar:5.3.26]
	at org.apache.catalina.core.ApplicationFilterChain.internalDoFilter(ApplicationFilterChain.java:178) ~[tomcat-embed-core-9.0.73.jar:9.0.73]
	at org.apache.catalina.core.ApplicationFilterChain.doFilter(ApplicationFilterChain.java:153) ~[tomcat-embed-core-9.0.73.jar:9.0.73]
	at org.springframework.web.filter.FormContentFilter.doFilterInternal(FormContentFilter.java:93) ~[spring-web-5.3.26.jar:5.3.26]
	at org.springframework.web.filter.OncePerRequestFilter.doFilter(OncePerRequestFilter.java:117) ~[spring-web-5.3.26.jar:5.3.26]
	at org.apache.catalina.core.ApplicationFilterChain.internalDoFilter(ApplicationFilterChain.java:178) ~[tomcat-embed-core-9.0.73.jar:9.0.73]
	at org.apache.catalina.core.ApplicationFilterChain.doFilter(ApplicationFilterChain.java:153) ~[tomcat-embed-core-9.0.73.jar:9.0.73]
	at org.springframework.web.filter.CharacterEncodingFilter.doFilterInternal(CharacterEncodingFilter.java:201) ~[spring-web-5.3.26.jar:5.3.26]
	at org.springframework.web.filter.OncePerRequestFilter.doFilter(OncePerRequestFilter.java:117) ~[spring-web-5.3.26.jar:5.3.26]
	at org.apache.catalina.core.ApplicationFilterChain.internalDoFilter(ApplicationFilterChain.java:178) ~[tomcat-embed-core-9.0.73.jar:9.0.73]
	at org.apache.catalina.core.ApplicationFilterChain.doFilter(ApplicationFilterChain.java:153) ~[tomcat-embed-core-9.0.73.jar:9.0.73]
	at org.apache.catalina.core.StandardWrapperValve.invoke(StandardWrapperValve.java:167) ~[tomcat-embed-core-9.0.73.jar:9.0.73]
	at org.apache.catalina.core.StandardContextValve.invoke(StandardContextValve.java:90) ~[tomcat-embed-core-9.0.73.jar:9.0.73]
	at org.apache.catalina.authenticator.AuthenticatorBase.invoke(AuthenticatorBase.java:492) ~[tomcat-embed-core-9.0.73.jar:9.0.73]
	at org.apache.catalina.core.StandardHostValve.invoke(StandardHostValve.java:130) ~[tomcat-embed-core-9.0.73.jar:9.0.73]
	at org.apache.catalina.valves.ErrorReportValve.invoke(ErrorReportValve.java:93) ~[tomcat-embed-core-9.0.73.jar:9.0.73]
	at org.apache.catalina.core.StandardEngineValve.invoke(StandardEngineValve.java:74) ~[tomcat-embed-core-9.0.73.jar:9.0.73]
	at org.apache.catalina.connector.CoyoteAdapter.service(CoyoteAdapter.java:343) ~[tomcat-embed-core-9.0.73.jar:9.0.73]
	at org.apache.coyote.http11.Http11Processor.service(Http11Processor.java:389) ~[tomcat-embed-core-9.0.73.jar:9.0.73]
	at org.apache.coyote.AbstractProcessorLight.process(AbstractProcessorLight.java:63) ~[tomcat-embed-core-9.0.73.jar:9.0.73]
	at org.apache.coyote.AbstractProtocol$ConnectionHandler.process(AbstractProtocol.java:926) ~[tomcat-embed-core-9.0.73.jar:9.0.73]
	at org.apache.tomcat.util.net.NioEndpoint$SocketProcessor.doRun(NioEndpoint.java:1791) ~[tomcat-embed-core-9.0.73.jar:9.0.73]
	at org.apache.tomcat.util.net.SocketProcessorBase.run(SocketProcessorBase.java:49) ~[tomcat-embed-core-9.0.73.jar:9.0.73]
	at org.apache.tomcat.util.threads.ThreadPoolExecutor.runWorker(ThreadPoolExecutor.java:1191) ~[tomcat-embed-core-9.0.73.jar:9.0.73]
	at org.apache.tomcat.util.threads.ThreadPoolExecutor$Worker.run(ThreadPoolExecutor.java:659) ~[tomcat-embed-core-9.0.73.jar:9.0.73]
	at org.apache.tomcat.util.threads.TaskThread$WrappingRunnable.run(TaskThread.java:61) ~[tomcat-embed-core-9.0.73.jar:9.0.73]
	at java.lang.Thread.run(Thread.java:750) ~[?:1.8.0_401]
Caused by: java.lang.RuntimeException: Access Token 요청 실패
	at com.swyp.saratang.service.AuthServiceImpl.getAccessToken(AuthServiceImpl.java:155) ~[classes/:?]
	at com.swyp.saratang.service.AuthServiceImpl.snsLogin(AuthServiceImpl.java:76) ~[classes/:?]
	... 54 more
Caused by: org.springframework.web.client.HttpClientErrorException$BadRequest: 400 : "{"error":"invalid_grant","error_description":"authorization code not found for code=nQr9i6j1bC4v9TUVeCEvNnDXxObjU0ni6H1xUtnH87K6uHxXGQqv6wAAAAQKKclgAAABlSgGimykJA3lYdtGWQ","error_code":"KOE320"}"
	at org.springframework.web.client.HttpClientErrorException.create(HttpClientErrorException.java:101) ~[spring-web-5.3.26.jar:5.3.26]
	at org.springframework.web.client.DefaultResponseErrorHandler.handleError(DefaultResponseErrorHandler.java:168) ~[spring-web-5.3.26.jar:5.3.26]
	at org.springframework.web.client.DefaultResponseErrorHandler.handleError(DefaultResponseErrorHandler.java:122) ~[spring-web-5.3.26.jar:5.3.26]
	at org.springframework.web.client.ResponseErrorHandler.handleError(ResponseErrorHandler.java:63) ~[spring-web-5.3.26.jar:5.3.26]
	at org.springframework.web.client.RestTemplate.handleResponse(RestTemplate.java:825) ~[spring-web-5.3.26.jar:5.3.26]
	at org.springframework.web.client.RestTemplate.doExecute(RestTemplate.java:783) ~[spring-web-5.3.26.jar:5.3.26]
	at org.springframework.web.client.RestTemplate.execute(RestTemplate.java:717) ~[spring-web-5.3.26.jar:5.3.26]
	at org.springframework.web.client.RestTemplate.exchange(RestTemplate.java:608) ~[spring-web-5.3.26.jar:5.3.26]
	at com.swyp.saratang.service.AuthServiceImpl.getAccessToken(AuthServiceImpl.java:143) ~[classes/:?]
	at com.swyp.saratang.service.AuthServiceImpl.snsLogin(AuthServiceImpl.java:76) ~[classes/:?]
	... 54 more
[2025-02-21 19:22:20] [INFO] [AuthController] - SNS 로그인 요청 - Provider: kakao, Session ID: AF61ACE425619871B2B31C91A0B2203F
[2025-02-21 19:22:20] [INFO] [AuthServiceImpl] - Sending request to: https://kapi.kakao.com/v2/user/me
[2025-02-21 19:22:20] [INFO] [AuthServiceImpl] - Response received: {id=3919432960, connected_at=2025-02-13T06:07:46Z, properties={nickname=김진유}, kakao_account={profile_nickname_needs_agreement=false, profile={nickname=김진유, is_default_nickname=false}, has_email=true, email_needs_agreement=false, is_email_valid=true, is_email_verified=true, email=wls922@naver.com}}
[2025-02-21 19:22:20] [DEBUG] [findBySocialId] - ==>  Preparing: SELECT * FROM users WHERE social_id = ? AND auth_provider = ?
[2025-02-21 19:22:20] [DEBUG] [findBySocialId] - ==> Parameters: 3919432960(String), kakao(String)
[2025-02-21 19:22:20] [DEBUG] [findBySocialId] - <==      Total: 1
[2025-02-21 19:22:20] [INFO] [AuthController] - 프로필 입력 필요 - Social ID: 3919432960
[2025-02-21 19:23:41] [INFO] [AuthController] - SNS 로그인 요청 - Provider: kakao, Session ID: AF61ACE425619871B2B31C91A0B2203F
[2025-02-21 19:23:41] [INFO] [AuthServiceImpl] - Sending request to: https://kapi.kakao.com/v2/user/me
[2025-02-21 19:23:41] [INFO] [AuthServiceImpl] - Response received: {id=3919432960, connected_at=2025-02-13T06:07:46Z, properties={nickname=김진유}, kakao_account={profile_nickname_needs_agreement=false, profile={nickname=김진유, is_default_nickname=false}, has_email=true, email_needs_agreement=false, is_email_valid=true, is_email_verified=true, email=wls922@naver.com}}
[2025-02-21 19:23:41] [DEBUG] [findBySocialId] - ==>  Preparing: SELECT * FROM users WHERE social_id = ? AND auth_provider = ?
[2025-02-21 19:23:41] [DEBUG] [findBySocialId] - ==> Parameters: 3919432960(String), kakao(String)
[2025-02-21 19:23:41] [DEBUG] [findBySocialId] - <==      Total: 1
[2025-02-21 19:23:41] [INFO] [AuthController] - 프로필 입력 필요 - Social ID: 3919432960
[2025-02-21 19:26:05] [INFO] [AuthController] - SNS 로그인 요청 - Provider: kakao, Session ID: AF61ACE425619871B2B31C91A0B2203F
[2025-02-21 19:26:05] [INFO] [AuthServiceImpl] - Sending request to: https://kapi.kakao.com/v2/user/me
[2025-02-21 19:26:05] [INFO] [AuthServiceImpl] - Response received: {id=3919432960, connected_at=2025-02-13T06:07:46Z, properties={nickname=김진유}, kakao_account={profile_nickname_needs_agreement=false, profile={nickname=김진유, is_default_nickname=false}, has_email=true, email_needs_agreement=false, is_email_valid=true, is_email_verified=true, email=wls922@naver.com}}
[2025-02-21 19:26:05] [DEBUG] [findBySocialId] - ==>  Preparing: SELECT * FROM users WHERE social_id = ? AND auth_provider = ?
[2025-02-21 19:26:05] [DEBUG] [findBySocialId] - ==> Parameters: 3919432960(String), kakao(String)
[2025-02-21 19:26:05] [DEBUG] [findBySocialId] - <==      Total: 1
[2025-02-21 19:26:05] [INFO] [AuthController] - 프로필 입력 필요 - Social ID: 3919432960
[2025-02-21 19:27:08] [INFO] [AuthController] - SNS 로그인 요청 - Provider: kakao, Session ID: AF61ACE425619871B2B31C91A0B2203F
[2025-02-21 19:27:08] [INFO] [AuthServiceImpl] - Sending request to: https://kapi.kakao.com/v2/user/me
[2025-02-21 19:27:08] [INFO] [AuthServiceImpl] - Response received: {id=3919432960, connected_at=2025-02-13T06:07:46Z, properties={nickname=김진유}, kakao_account={profile_nickname_needs_agreement=false, profile={nickname=김진유, is_default_nickname=false}, has_email=true, email_needs_agreement=false, is_email_valid=true, is_email_verified=true, email=wls922@naver.com}}
[2025-02-21 19:27:08] [DEBUG] [findBySocialId] - ==>  Preparing: SELECT * FROM users WHERE social_id = ? AND auth_provider = ?
[2025-02-21 19:27:08] [DEBUG] [findBySocialId] - ==> Parameters: 3919432960(String), kakao(String)
[2025-02-21 19:27:08] [DEBUG] [findBySocialId] - <==      Total: 0
[2025-02-21 19:27:08] [DEBUG] [findByEmail] - ==>  Preparing: SELECT * FROM users WHERE email = ? and is_active=1
[2025-02-21 19:27:08] [DEBUG] [findByEmail] - ==> Parameters: wls922@naver.com(String)
[2025-02-21 19:27:08] [DEBUG] [findByEmail] - <==      Total: 0
[2025-02-21 19:27:08] [DEBUG] [insertUser] - ==>  Preparing: INSERT INTO users (social_id, auth_provider, email, nickname, email_verified, username, is_active,regdate) VALUES (?, ?, ?, ?, ?, ?, true, NOW())
[2025-02-21 19:27:08] [DEBUG] [insertUser] - ==> Parameters: 3919432960(String), kakao(String), wls922@naver.com(String), 김진유(String), true(Boolean), null
[2025-02-21 19:27:08] [DEBUG] [insertUser] - <==    Updates: 1
[2025-02-21 19:27:08] [INFO] [AuthController] - 프로필 입력 필요 - Social ID: 3919432960
[2025-02-21 19:29:11] [DEBUG] [newUserProfile] - ==>  Preparing: UPDATE users SET username = ?, weight = ?, height = ?, top_size = ?, bottom_size = ?, foot_size = ?, is_active = true, role= 'regular', bio = ?, birth_date = ?, gender=?, is_active = true, profile_yn = true WHERE social_id = ? AND auth_provider = ?
[2025-02-21 19:29:11] [DEBUG] [newUserProfile] - ==> Parameters: 홍길동(String), 70(Integer), 175(Integer), 100(Integer), 32(Integer), 270(Integer), 패션을 좋아하는 사람입니다.(String), 1995-08-25 09:00:00.0(Timestamp), male(String), 3919432960(String), kakao(String)
[2025-02-21 19:29:11] [DEBUG] [newUserProfile] - <==    Updates: 1
[2025-02-21 19:29:11] [DEBUG] [findBySocialId] - ==>  Preparing: SELECT * FROM users WHERE social_id = ? AND auth_provider = ?
[2025-02-21 19:29:11] [DEBUG] [findBySocialId] - ==> Parameters: 3919432960(String), kakao(String)
[2025-02-21 19:29:11] [DEBUG] [findBySocialId] - <==      Total: 1
[2025-02-21 19:30:47] [WARN] [DefaultHandlerExceptionResolver] - Resolved [org.springframework.web.HttpRequestMethodNotSupportedException: Request method 'POST' not supported]
[2025-02-21 19:30:59] [WARN] [DefaultHandlerExceptionResolver] - Resolved [org.springframework.web.HttpRequestMethodNotSupportedException: Request method 'POST' not supported]
[2025-02-21 19:31:14] [DEBUG] [findBySocialId] - ==>  Preparing: SELECT * FROM users WHERE social_id = ? AND auth_provider = ?
[2025-02-21 19:31:14] [DEBUG] [findBySocialId] - ==> Parameters: 3919432960(String), kakao(String)
[2025-02-21 19:31:14] [DEBUG] [findBySocialId] - <==      Total: 1
[2025-02-21 19:32:31] [WARN] [DefaultHandlerExceptionResolver] - Resolved [org.springframework.web.HttpRequestMethodNotSupportedException: Request method 'GET' not supported]
[2025-02-21 19:32:33] [DEBUG] [editUserProfile] - ==>  Preparing: UPDATE users SET weight = ?, height = ?, top_size = ?, bottom_size = ?, foot_size = ? WHERE social_id = ? AND auth_provider = ?
[2025-02-21 19:32:33] [DEBUG] [editUserProfile] - ==> Parameters: 80(Integer), 185(Integer), 110(Integer), 50(Integer), 280(Integer), 3919432960(String), kakao(String)
[2025-02-21 19:32:33] [DEBUG] [editUserProfile] - <==    Updates: 1
[2025-02-21 19:36:09] [INFO] [AuthController] - SNS 로그인 요청 - Provider: naver, Session ID: AF61ACE425619871B2B31C91A0B2203F
[2025-02-21 19:36:09] [ERROR] [AuthServiceImpl] - SNS 로그인 중 오류 발생: Access Token 요청 실패
java.lang.RuntimeException: Access Token 요청 실패
	at com.swyp.saratang.service.AuthServiceImpl.getAccessToken(AuthServiceImpl.java:155) ~[classes/:?]
	at com.swyp.saratang.service.AuthServiceImpl.snsLogin(AuthServiceImpl.java:76) ~[classes/:?]
	at com.swyp.saratang.controller.AuthController.snsLogin(AuthController.java:54) ~[classes/:?]
	at sun.reflect.NativeMethodAccessorImpl.invoke0(Native Method) ~[?:1.8.0_401]
	at sun.reflect.NativeMethodAccessorImpl.invoke(NativeMethodAccessorImpl.java:62) ~[?:1.8.0_401]
	at sun.reflect.DelegatingMethodAccessorImpl.invoke(DelegatingMethodAccessorImpl.java:43) ~[?:1.8.0_401]
	at java.lang.reflect.Method.invoke(Method.java:498) ~[?:1.8.0_401]
	at org.springframework.web.method.support.InvocableHandlerMethod.doInvoke(InvocableHandlerMethod.java:205) ~[spring-web-5.3.26.jar:5.3.26]
	at org.springframework.web.method.support.InvocableHandlerMethod.invokeForRequest(InvocableHandlerMethod.java:150) ~[spring-web-5.3.26.jar:5.3.26]
	at org.springframework.web.servlet.mvc.method.annotation.ServletInvocableHandlerMethod.invokeAndHandle(ServletInvocableHandlerMethod.java:117) ~[spring-webmvc-5.3.26.jar:5.3.26]
	at org.springframework.web.servlet.mvc.method.annotation.RequestMappingHandlerAdapter.invokeHandlerMethod(RequestMappingHandlerAdapter.java:895) ~[spring-webmvc-5.3.26.jar:5.3.26]
	at org.springframework.web.servlet.mvc.method.annotation.RequestMappingHandlerAdapter.handleInternal(RequestMappingHandlerAdapter.java:808) ~[spring-webmvc-5.3.26.jar:5.3.26]
	at org.springframework.web.servlet.mvc.method.AbstractHandlerMethodAdapter.handle(AbstractHandlerMethodAdapter.java:87) ~[spring-webmvc-5.3.26.jar:5.3.26]
	at org.springframework.web.servlet.DispatcherServlet.doDispatch(DispatcherServlet.java:1072) ~[spring-webmvc-5.3.26.jar:5.3.26]
	at org.springframework.web.servlet.DispatcherServlet.doService(DispatcherServlet.java:965) ~[spring-webmvc-5.3.26.jar:5.3.26]
	at org.springframework.web.servlet.FrameworkServlet.processRequest(FrameworkServlet.java:1006) ~[spring-webmvc-5.3.26.jar:5.3.26]
	at org.springframework.web.servlet.FrameworkServlet.doPost(FrameworkServlet.java:909) ~[spring-webmvc-5.3.26.jar:5.3.26]
	at javax.servlet.http.HttpServlet.service(HttpServlet.java:528) ~[tomcat-embed-core-9.0.73.jar:4.0.FR]
	at org.springframework.web.servlet.FrameworkServlet.service(FrameworkServlet.java:883) ~[spring-webmvc-5.3.26.jar:5.3.26]
	at javax.servlet.http.HttpServlet.service(HttpServlet.java:596) ~[tomcat-embed-core-9.0.73.jar:4.0.FR]
	at org.apache.catalina.core.ApplicationFilterChain.internalDoFilter(ApplicationFilterChain.java:209) ~[tomcat-embed-core-9.0.73.jar:9.0.73]
	at org.apache.catalina.core.ApplicationFilterChain.doFilter(ApplicationFilterChain.java:153) ~[tomcat-embed-core-9.0.73.jar:9.0.73]
	at org.apache.tomcat.websocket.server.WsFilter.doFilter(WsFilter.java:53) ~[tomcat-embed-websocket-9.0.73.jar:9.0.73]
	at org.apache.catalina.core.ApplicationFilterChain.internalDoFilter(ApplicationFilterChain.java:178) ~[tomcat-embed-core-9.0.73.jar:9.0.73]
	at org.apache.catalina.core.ApplicationFilterChain.doFilter(ApplicationFilterChain.java:153) ~[tomcat-embed-core-9.0.73.jar:9.0.73]
	at org.springframework.web.servlet.resource.ResourceUrlEncodingFilter.doFilter(ResourceUrlEncodingFilter.java:67) ~[spring-webmvc-5.3.26.jar:5.3.26]
	at org.apache.catalina.core.ApplicationFilterChain.internalDoFilter(ApplicationFilterChain.java:178) ~[tomcat-embed-core-9.0.73.jar:9.0.73]
	at org.apache.catalina.core.ApplicationFilterChain.doFilter(ApplicationFilterChain.java:153) ~[tomcat-embed-core-9.0.73.jar:9.0.73]
	at org.springframework.web.filter.RequestContextFilter.doFilterInternal(RequestContextFilter.java:100) ~[spring-web-5.3.26.jar:5.3.26]
	at org.springframework.web.filter.OncePerRequestFilter.doFilter(OncePerRequestFilter.java:117) ~[spring-web-5.3.26.jar:5.3.26]
	at org.apache.catalina.core.ApplicationFilterChain.internalDoFilter(ApplicationFilterChain.java:178) ~[tomcat-embed-core-9.0.73.jar:9.0.73]
	at org.apache.catalina.core.ApplicationFilterChain.doFilter(ApplicationFilterChain.java:153) ~[tomcat-embed-core-9.0.73.jar:9.0.73]
	at org.springframework.web.filter.FormContentFilter.doFilterInternal(FormContentFilter.java:93) ~[spring-web-5.3.26.jar:5.3.26]
	at org.springframework.web.filter.OncePerRequestFilter.doFilter(OncePerRequestFilter.java:117) ~[spring-web-5.3.26.jar:5.3.26]
	at org.apache.catalina.core.ApplicationFilterChain.internalDoFilter(ApplicationFilterChain.java:178) ~[tomcat-embed-core-9.0.73.jar:9.0.73]
	at org.apache.catalina.core.ApplicationFilterChain.doFilter(ApplicationFilterChain.java:153) ~[tomcat-embed-core-9.0.73.jar:9.0.73]
	at org.springframework.web.filter.CharacterEncodingFilter.doFilterInternal(CharacterEncodingFilter.java:201) ~[spring-web-5.3.26.jar:5.3.26]
	at org.springframework.web.filter.OncePerRequestFilter.doFilter(OncePerRequestFilter.java:117) ~[spring-web-5.3.26.jar:5.3.26]
	at org.apache.catalina.core.ApplicationFilterChain.internalDoFilter(ApplicationFilterChain.java:178) ~[tomcat-embed-core-9.0.73.jar:9.0.73]
	at org.apache.catalina.core.ApplicationFilterChain.doFilter(ApplicationFilterChain.java:153) ~[tomcat-embed-core-9.0.73.jar:9.0.73]
	at org.apache.catalina.core.StandardWrapperValve.invoke(StandardWrapperValve.java:167) ~[tomcat-embed-core-9.0.73.jar:9.0.73]
	at org.apache.catalina.core.StandardContextValve.invoke(StandardContextValve.java:90) ~[tomcat-embed-core-9.0.73.jar:9.0.73]
	at org.apache.catalina.authenticator.AuthenticatorBase.invoke(AuthenticatorBase.java:492) ~[tomcat-embed-core-9.0.73.jar:9.0.73]
	at org.apache.catalina.core.StandardHostValve.invoke(StandardHostValve.java:130) ~[tomcat-embed-core-9.0.73.jar:9.0.73]
	at org.apache.catalina.valves.ErrorReportValve.invoke(ErrorReportValve.java:93) ~[tomcat-embed-core-9.0.73.jar:9.0.73]
	at org.apache.catalina.core.StandardEngineValve.invoke(StandardEngineValve.java:74) ~[tomcat-embed-core-9.0.73.jar:9.0.73]
	at org.apache.catalina.connector.CoyoteAdapter.service(CoyoteAdapter.java:343) ~[tomcat-embed-core-9.0.73.jar:9.0.73]
	at org.apache.coyote.http11.Http11Processor.service(Http11Processor.java:389) ~[tomcat-embed-core-9.0.73.jar:9.0.73]
	at org.apache.coyote.AbstractProcessorLight.process(AbstractProcessorLight.java:63) ~[tomcat-embed-core-9.0.73.jar:9.0.73]
	at org.apache.coyote.AbstractProtocol$ConnectionHandler.process(AbstractProtocol.java:926) ~[tomcat-embed-core-9.0.73.jar:9.0.73]
	at org.apache.tomcat.util.net.NioEndpoint$SocketProcessor.doRun(NioEndpoint.java:1791) ~[tomcat-embed-core-9.0.73.jar:9.0.73]
	at org.apache.tomcat.util.net.SocketProcessorBase.run(SocketProcessorBase.java:49) ~[tomcat-embed-core-9.0.73.jar:9.0.73]
	at org.apache.tomcat.util.threads.ThreadPoolExecutor.runWorker(ThreadPoolExecutor.java:1191) ~[tomcat-embed-core-9.0.73.jar:9.0.73]
	at org.apache.tomcat.util.threads.ThreadPoolExecutor$Worker.run(ThreadPoolExecutor.java:659) ~[tomcat-embed-core-9.0.73.jar:9.0.73]
	at org.apache.tomcat.util.threads.TaskThread$WrappingRunnable.run(TaskThread.java:61) ~[tomcat-embed-core-9.0.73.jar:9.0.73]
	at java.lang.Thread.run(Thread.java:750) ~[?:1.8.0_401]
Caused by: java.lang.RuntimeException: naver Access Token 요청 실패: 응답이 null 또는 access_token 없음
	at com.swyp.saratang.service.AuthServiceImpl.getAccessToken(AuthServiceImpl.java:148) ~[classes/:?]
	... 55 more
[2025-02-21 19:36:09] [ERROR] [AuthController] - SNS 로그인 중 오류 발생: 토큰 요청 중 오류
java.lang.RuntimeException: 토큰 요청 중 오류
	at com.swyp.saratang.service.AuthServiceImpl.snsLogin(AuthServiceImpl.java:112) ~[classes/:?]
	at com.swyp.saratang.controller.AuthController.snsLogin(AuthController.java:54) ~[classes/:?]
	at sun.reflect.NativeMethodAccessorImpl.invoke0(Native Method) ~[?:1.8.0_401]
	at sun.reflect.NativeMethodAccessorImpl.invoke(NativeMethodAccessorImpl.java:62) ~[?:1.8.0_401]
	at sun.reflect.DelegatingMethodAccessorImpl.invoke(DelegatingMethodAccessorImpl.java:43) ~[?:1.8.0_401]
	at java.lang.reflect.Method.invoke(Method.java:498) ~[?:1.8.0_401]
	at org.springframework.web.method.support.InvocableHandlerMethod.doInvoke(InvocableHandlerMethod.java:205) ~[spring-web-5.3.26.jar:5.3.26]
	at org.springframework.web.method.support.InvocableHandlerMethod.invokeForRequest(InvocableHandlerMethod.java:150) ~[spring-web-5.3.26.jar:5.3.26]
	at org.springframework.web.servlet.mvc.method.annotation.ServletInvocableHandlerMethod.invokeAndHandle(ServletInvocableHandlerMethod.java:117) ~[spring-webmvc-5.3.26.jar:5.3.26]
	at org.springframework.web.servlet.mvc.method.annotation.RequestMappingHandlerAdapter.invokeHandlerMethod(RequestMappingHandlerAdapter.java:895) ~[spring-webmvc-5.3.26.jar:5.3.26]
	at org.springframework.web.servlet.mvc.method.annotation.RequestMappingHandlerAdapter.handleInternal(RequestMappingHandlerAdapter.java:808) ~[spring-webmvc-5.3.26.jar:5.3.26]
	at org.springframework.web.servlet.mvc.method.AbstractHandlerMethodAdapter.handle(AbstractHandlerMethodAdapter.java:87) ~[spring-webmvc-5.3.26.jar:5.3.26]
	at org.springframework.web.servlet.DispatcherServlet.doDispatch(DispatcherServlet.java:1072) ~[spring-webmvc-5.3.26.jar:5.3.26]
	at org.springframework.web.servlet.DispatcherServlet.doService(DispatcherServlet.java:965) ~[spring-webmvc-5.3.26.jar:5.3.26]
	at org.springframework.web.servlet.FrameworkServlet.processRequest(FrameworkServlet.java:1006) ~[spring-webmvc-5.3.26.jar:5.3.26]
	at org.springframework.web.servlet.FrameworkServlet.doPost(FrameworkServlet.java:909) ~[spring-webmvc-5.3.26.jar:5.3.26]
	at javax.servlet.http.HttpServlet.service(HttpServlet.java:528) ~[tomcat-embed-core-9.0.73.jar:4.0.FR]
	at org.springframework.web.servlet.FrameworkServlet.service(FrameworkServlet.java:883) ~[spring-webmvc-5.3.26.jar:5.3.26]
	at javax.servlet.http.HttpServlet.service(HttpServlet.java:596) ~[tomcat-embed-core-9.0.73.jar:4.0.FR]
	at org.apache.catalina.core.ApplicationFilterChain.internalDoFilter(ApplicationFilterChain.java:209) ~[tomcat-embed-core-9.0.73.jar:9.0.73]
	at org.apache.catalina.core.ApplicationFilterChain.doFilter(ApplicationFilterChain.java:153) ~[tomcat-embed-core-9.0.73.jar:9.0.73]
	at org.apache.tomcat.websocket.server.WsFilter.doFilter(WsFilter.java:53) ~[tomcat-embed-websocket-9.0.73.jar:9.0.73]
	at org.apache.catalina.core.ApplicationFilterChain.internalDoFilter(ApplicationFilterChain.java:178) ~[tomcat-embed-core-9.0.73.jar:9.0.73]
	at org.apache.catalina.core.ApplicationFilterChain.doFilter(ApplicationFilterChain.java:153) ~[tomcat-embed-core-9.0.73.jar:9.0.73]
	at org.springframework.web.servlet.resource.ResourceUrlEncodingFilter.doFilter(ResourceUrlEncodingFilter.java:67) ~[spring-webmvc-5.3.26.jar:5.3.26]
	at org.apache.catalina.core.ApplicationFilterChain.internalDoFilter(ApplicationFilterChain.java:178) ~[tomcat-embed-core-9.0.73.jar:9.0.73]
	at org.apache.catalina.core.ApplicationFilterChain.doFilter(ApplicationFilterChain.java:153) ~[tomcat-embed-core-9.0.73.jar:9.0.73]
	at org.springframework.web.filter.RequestContextFilter.doFilterInternal(RequestContextFilter.java:100) ~[spring-web-5.3.26.jar:5.3.26]
	at org.springframework.web.filter.OncePerRequestFilter.doFilter(OncePerRequestFilter.java:117) ~[spring-web-5.3.26.jar:5.3.26]
	at org.apache.catalina.core.ApplicationFilterChain.internalDoFilter(ApplicationFilterChain.java:178) ~[tomcat-embed-core-9.0.73.jar:9.0.73]
	at org.apache.catalina.core.ApplicationFilterChain.doFilter(ApplicationFilterChain.java:153) ~[tomcat-embed-core-9.0.73.jar:9.0.73]
	at org.springframework.web.filter.FormContentFilter.doFilterInternal(FormContentFilter.java:93) ~[spring-web-5.3.26.jar:5.3.26]
	at org.springframework.web.filter.OncePerRequestFilter.doFilter(OncePerRequestFilter.java:117) ~[spring-web-5.3.26.jar:5.3.26]
	at org.apache.catalina.core.ApplicationFilterChain.internalDoFilter(ApplicationFilterChain.java:178) ~[tomcat-embed-core-9.0.73.jar:9.0.73]
	at org.apache.catalina.core.ApplicationFilterChain.doFilter(ApplicationFilterChain.java:153) ~[tomcat-embed-core-9.0.73.jar:9.0.73]
	at org.springframework.web.filter.CharacterEncodingFilter.doFilterInternal(CharacterEncodingFilter.java:201) ~[spring-web-5.3.26.jar:5.3.26]
	at org.springframework.web.filter.OncePerRequestFilter.doFilter(OncePerRequestFilter.java:117) ~[spring-web-5.3.26.jar:5.3.26]
	at org.apache.catalina.core.ApplicationFilterChain.internalDoFilter(ApplicationFilterChain.java:178) ~[tomcat-embed-core-9.0.73.jar:9.0.73]
	at org.apache.catalina.core.ApplicationFilterChain.doFilter(ApplicationFilterChain.java:153) ~[tomcat-embed-core-9.0.73.jar:9.0.73]
	at org.apache.catalina.core.StandardWrapperValve.invoke(StandardWrapperValve.java:167) ~[tomcat-embed-core-9.0.73.jar:9.0.73]
	at org.apache.catalina.core.StandardContextValve.invoke(StandardContextValve.java:90) ~[tomcat-embed-core-9.0.73.jar:9.0.73]
	at org.apache.catalina.authenticator.AuthenticatorBase.invoke(AuthenticatorBase.java:492) ~[tomcat-embed-core-9.0.73.jar:9.0.73]
	at org.apache.catalina.core.StandardHostValve.invoke(StandardHostValve.java:130) ~[tomcat-embed-core-9.0.73.jar:9.0.73]
	at org.apache.catalina.valves.ErrorReportValve.invoke(ErrorReportValve.java:93) ~[tomcat-embed-core-9.0.73.jar:9.0.73]
	at org.apache.catalina.core.StandardEngineValve.invoke(StandardEngineValve.java:74) ~[tomcat-embed-core-9.0.73.jar:9.0.73]
	at org.apache.catalina.connector.CoyoteAdapter.service(CoyoteAdapter.java:343) ~[tomcat-embed-core-9.0.73.jar:9.0.73]
	at org.apache.coyote.http11.Http11Processor.service(Http11Processor.java:389) ~[tomcat-embed-core-9.0.73.jar:9.0.73]
	at org.apache.coyote.AbstractProcessorLight.process(AbstractProcessorLight.java:63) ~[tomcat-embed-core-9.0.73.jar:9.0.73]
	at org.apache.coyote.AbstractProtocol$ConnectionHandler.process(AbstractProtocol.java:926) ~[tomcat-embed-core-9.0.73.jar:9.0.73]
	at org.apache.tomcat.util.net.NioEndpoint$SocketProcessor.doRun(NioEndpoint.java:1791) ~[tomcat-embed-core-9.0.73.jar:9.0.73]
	at org.apache.tomcat.util.net.SocketProcessorBase.run(SocketProcessorBase.java:49) ~[tomcat-embed-core-9.0.73.jar:9.0.73]
	at org.apache.tomcat.util.threads.ThreadPoolExecutor.runWorker(ThreadPoolExecutor.java:1191) ~[tomcat-embed-core-9.0.73.jar:9.0.73]
	at org.apache.tomcat.util.threads.ThreadPoolExecutor$Worker.run(ThreadPoolExecutor.java:659) ~[tomcat-embed-core-9.0.73.jar:9.0.73]
	at org.apache.tomcat.util.threads.TaskThread$WrappingRunnable.run(TaskThread.java:61) ~[tomcat-embed-core-9.0.73.jar:9.0.73]
	at java.lang.Thread.run(Thread.java:750) ~[?:1.8.0_401]
Caused by: java.lang.RuntimeException: Access Token 요청 실패
	at com.swyp.saratang.service.AuthServiceImpl.getAccessToken(AuthServiceImpl.java:155) ~[classes/:?]
	at com.swyp.saratang.service.AuthServiceImpl.snsLogin(AuthServiceImpl.java:76) ~[classes/:?]
	... 54 more
Caused by: java.lang.RuntimeException: naver Access Token 요청 실패: 응답이 null 또는 access_token 없음
	at com.swyp.saratang.service.AuthServiceImpl.getAccessToken(AuthServiceImpl.java:148) ~[classes/:?]
	at com.swyp.saratang.service.AuthServiceImpl.snsLogin(AuthServiceImpl.java:76) ~[classes/:?]
	... 54 more
[2025-02-21 19:36:32] [INFO] [AuthController] - SNS 로그인 요청 - Provider: naver, Session ID: AF61ACE425619871B2B31C91A0B2203F
[2025-02-21 19:36:32] [INFO] [AuthServiceImpl] - Sending request to: https://openapi.naver.com/v1/nid/me
[2025-02-21 19:36:32] [INFO] [AuthServiceImpl] - Response received: {resultcode=00, message=success, response={id=5F2NigD2ts7TaJmq6SyVOp7IRa1CpdzW0M_3Q-Rd6w4, nickname=김지뮤, profile_image=https://ssl.pstatic.net/static/pwe/address/img_profile.png, age=30-39, gender=M, email=wls922@naver.com, mobile=010-9050-8268, mobile_e164=+821090508268, name=김진유, birthday=09-22, birthyear=1994}}
[2025-02-21 19:36:32] [DEBUG] [findBySocialId] - ==>  Preparing: SELECT * FROM users WHERE social_id = ? AND auth_provider = ?
[2025-02-21 19:36:32] [DEBUG] [findBySocialId] - ==> Parameters: 5F2NigD2ts7TaJmq6SyVOp7IRa1CpdzW0M_3Q-Rd6w4(String), naver(String)
[2025-02-21 19:36:32] [DEBUG] [findBySocialId] - <==      Total: 0
[2025-02-21 19:36:32] [DEBUG] [findByEmail] - ==>  Preparing: SELECT * FROM users WHERE email = ? and is_active=1
[2025-02-21 19:36:32] [DEBUG] [findByEmail] - ==> Parameters: wls922@naver.com(String)
[2025-02-21 19:36:32] [DEBUG] [findByEmail] - <==      Total: 1
[2025-02-21 19:36:32] [WARN] [AuthController] - 이미 존재하는 이메일: 이미 가입된 이메일입니다.
[2025-02-21 19:36:34] [INFO] [AuthController] - SNS 로그인 요청 - Provider: naver, Session ID: AF61ACE425619871B2B31C91A0B2203F
[2025-02-21 19:36:34] [ERROR] [AuthServiceImpl] - SNS 로그인 중 오류 발생: Access Token 요청 실패
java.lang.RuntimeException: Access Token 요청 실패
	at com.swyp.saratang.service.AuthServiceImpl.getAccessToken(AuthServiceImpl.java:155) ~[classes/:?]
	at com.swyp.saratang.service.AuthServiceImpl.snsLogin(AuthServiceImpl.java:76) ~[classes/:?]
	at com.swyp.saratang.controller.AuthController.snsLogin(AuthController.java:54) ~[classes/:?]
	at sun.reflect.NativeMethodAccessorImpl.invoke0(Native Method) ~[?:1.8.0_401]
	at sun.reflect.NativeMethodAccessorImpl.invoke(NativeMethodAccessorImpl.java:62) ~[?:1.8.0_401]
	at sun.reflect.DelegatingMethodAccessorImpl.invoke(DelegatingMethodAccessorImpl.java:43) ~[?:1.8.0_401]
	at java.lang.reflect.Method.invoke(Method.java:498) ~[?:1.8.0_401]
	at org.springframework.web.method.support.InvocableHandlerMethod.doInvoke(InvocableHandlerMethod.java:205) ~[spring-web-5.3.26.jar:5.3.26]
	at org.springframework.web.method.support.InvocableHandlerMethod.invokeForRequest(InvocableHandlerMethod.java:150) ~[spring-web-5.3.26.jar:5.3.26]
	at org.springframework.web.servlet.mvc.method.annotation.ServletInvocableHandlerMethod.invokeAndHandle(ServletInvocableHandlerMethod.java:117) ~[spring-webmvc-5.3.26.jar:5.3.26]
	at org.springframework.web.servlet.mvc.method.annotation.RequestMappingHandlerAdapter.invokeHandlerMethod(RequestMappingHandlerAdapter.java:895) ~[spring-webmvc-5.3.26.jar:5.3.26]
	at org.springframework.web.servlet.mvc.method.annotation.RequestMappingHandlerAdapter.handleInternal(RequestMappingHandlerAdapter.java:808) ~[spring-webmvc-5.3.26.jar:5.3.26]
	at org.springframework.web.servlet.mvc.method.AbstractHandlerMethodAdapter.handle(AbstractHandlerMethodAdapter.java:87) ~[spring-webmvc-5.3.26.jar:5.3.26]
	at org.springframework.web.servlet.DispatcherServlet.doDispatch(DispatcherServlet.java:1072) ~[spring-webmvc-5.3.26.jar:5.3.26]
	at org.springframework.web.servlet.DispatcherServlet.doService(DispatcherServlet.java:965) ~[spring-webmvc-5.3.26.jar:5.3.26]
	at org.springframework.web.servlet.FrameworkServlet.processRequest(FrameworkServlet.java:1006) ~[spring-webmvc-5.3.26.jar:5.3.26]
	at org.springframework.web.servlet.FrameworkServlet.doPost(FrameworkServlet.java:909) ~[spring-webmvc-5.3.26.jar:5.3.26]
	at javax.servlet.http.HttpServlet.service(HttpServlet.java:528) ~[tomcat-embed-core-9.0.73.jar:4.0.FR]
	at org.springframework.web.servlet.FrameworkServlet.service(FrameworkServlet.java:883) ~[spring-webmvc-5.3.26.jar:5.3.26]
	at javax.servlet.http.HttpServlet.service(HttpServlet.java:596) ~[tomcat-embed-core-9.0.73.jar:4.0.FR]
	at org.apache.catalina.core.ApplicationFilterChain.internalDoFilter(ApplicationFilterChain.java:209) ~[tomcat-embed-core-9.0.73.jar:9.0.73]
	at org.apache.catalina.core.ApplicationFilterChain.doFilter(ApplicationFilterChain.java:153) ~[tomcat-embed-core-9.0.73.jar:9.0.73]
	at org.apache.tomcat.websocket.server.WsFilter.doFilter(WsFilter.java:53) ~[tomcat-embed-websocket-9.0.73.jar:9.0.73]
	at org.apache.catalina.core.ApplicationFilterChain.internalDoFilter(ApplicationFilterChain.java:178) ~[tomcat-embed-core-9.0.73.jar:9.0.73]
	at org.apache.catalina.core.ApplicationFilterChain.doFilter(ApplicationFilterChain.java:153) ~[tomcat-embed-core-9.0.73.jar:9.0.73]
	at org.springframework.web.servlet.resource.ResourceUrlEncodingFilter.doFilter(ResourceUrlEncodingFilter.java:67) ~[spring-webmvc-5.3.26.jar:5.3.26]
	at org.apache.catalina.core.ApplicationFilterChain.internalDoFilter(ApplicationFilterChain.java:178) ~[tomcat-embed-core-9.0.73.jar:9.0.73]
	at org.apache.catalina.core.ApplicationFilterChain.doFilter(ApplicationFilterChain.java:153) ~[tomcat-embed-core-9.0.73.jar:9.0.73]
	at org.springframework.web.filter.RequestContextFilter.doFilterInternal(RequestContextFilter.java:100) ~[spring-web-5.3.26.jar:5.3.26]
	at org.springframework.web.filter.OncePerRequestFilter.doFilter(OncePerRequestFilter.java:117) ~[spring-web-5.3.26.jar:5.3.26]
	at org.apache.catalina.core.ApplicationFilterChain.internalDoFilter(ApplicationFilterChain.java:178) ~[tomcat-embed-core-9.0.73.jar:9.0.73]
	at org.apache.catalina.core.ApplicationFilterChain.doFilter(ApplicationFilterChain.java:153) ~[tomcat-embed-core-9.0.73.jar:9.0.73]
	at org.springframework.web.filter.FormContentFilter.doFilterInternal(FormContentFilter.java:93) ~[spring-web-5.3.26.jar:5.3.26]
	at org.springframework.web.filter.OncePerRequestFilter.doFilter(OncePerRequestFilter.java:117) ~[spring-web-5.3.26.jar:5.3.26]
	at org.apache.catalina.core.ApplicationFilterChain.internalDoFilter(ApplicationFilterChain.java:178) ~[tomcat-embed-core-9.0.73.jar:9.0.73]
	at org.apache.catalina.core.ApplicationFilterChain.doFilter(ApplicationFilterChain.java:153) ~[tomcat-embed-core-9.0.73.jar:9.0.73]
	at org.springframework.web.filter.CharacterEncodingFilter.doFilterInternal(CharacterEncodingFilter.java:201) ~[spring-web-5.3.26.jar:5.3.26]
	at org.springframework.web.filter.OncePerRequestFilter.doFilter(OncePerRequestFilter.java:117) ~[spring-web-5.3.26.jar:5.3.26]
	at org.apache.catalina.core.ApplicationFilterChain.internalDoFilter(ApplicationFilterChain.java:178) ~[tomcat-embed-core-9.0.73.jar:9.0.73]
	at org.apache.catalina.core.ApplicationFilterChain.doFilter(ApplicationFilterChain.java:153) ~[tomcat-embed-core-9.0.73.jar:9.0.73]
	at org.apache.catalina.core.StandardWrapperValve.invoke(StandardWrapperValve.java:167) ~[tomcat-embed-core-9.0.73.jar:9.0.73]
	at org.apache.catalina.core.StandardContextValve.invoke(StandardContextValve.java:90) ~[tomcat-embed-core-9.0.73.jar:9.0.73]
	at org.apache.catalina.authenticator.AuthenticatorBase.invoke(AuthenticatorBase.java:492) ~[tomcat-embed-core-9.0.73.jar:9.0.73]
	at org.apache.catalina.core.StandardHostValve.invoke(StandardHostValve.java:130) ~[tomcat-embed-core-9.0.73.jar:9.0.73]
	at org.apache.catalina.valves.ErrorReportValve.invoke(ErrorReportValve.java:93) ~[tomcat-embed-core-9.0.73.jar:9.0.73]
	at org.apache.catalina.core.StandardEngineValve.invoke(StandardEngineValve.java:74) ~[tomcat-embed-core-9.0.73.jar:9.0.73]
	at org.apache.catalina.connector.CoyoteAdapter.service(CoyoteAdapter.java:343) ~[tomcat-embed-core-9.0.73.jar:9.0.73]
	at org.apache.coyote.http11.Http11Processor.service(Http11Processor.java:389) ~[tomcat-embed-core-9.0.73.jar:9.0.73]
	at org.apache.coyote.AbstractProcessorLight.process(AbstractProcessorLight.java:63) ~[tomcat-embed-core-9.0.73.jar:9.0.73]
	at org.apache.coyote.AbstractProtocol$ConnectionHandler.process(AbstractProtocol.java:926) ~[tomcat-embed-core-9.0.73.jar:9.0.73]
	at org.apache.tomcat.util.net.NioEndpoint$SocketProcessor.doRun(NioEndpoint.java:1791) ~[tomcat-embed-core-9.0.73.jar:9.0.73]
	at org.apache.tomcat.util.net.SocketProcessorBase.run(SocketProcessorBase.java:49) ~[tomcat-embed-core-9.0.73.jar:9.0.73]
	at org.apache.tomcat.util.threads.ThreadPoolExecutor.runWorker(ThreadPoolExecutor.java:1191) ~[tomcat-embed-core-9.0.73.jar:9.0.73]
	at org.apache.tomcat.util.threads.ThreadPoolExecutor$Worker.run(ThreadPoolExecutor.java:659) ~[tomcat-embed-core-9.0.73.jar:9.0.73]
	at org.apache.tomcat.util.threads.TaskThread$WrappingRunnable.run(TaskThread.java:61) ~[tomcat-embed-core-9.0.73.jar:9.0.73]
	at java.lang.Thread.run(Thread.java:750) ~[?:1.8.0_401]
Caused by: java.lang.RuntimeException: naver Access Token 요청 실패: 응답이 null 또는 access_token 없음
	at com.swyp.saratang.service.AuthServiceImpl.getAccessToken(AuthServiceImpl.java:148) ~[classes/:?]
	... 55 more
[2025-02-21 19:36:34] [ERROR] [AuthController] - SNS 로그인 중 오류 발생: 토큰 요청 중 오류
java.lang.RuntimeException: 토큰 요청 중 오류
	at com.swyp.saratang.service.AuthServiceImpl.snsLogin(AuthServiceImpl.java:112) ~[classes/:?]
	at com.swyp.saratang.controller.AuthController.snsLogin(AuthController.java:54) ~[classes/:?]
	at sun.reflect.NativeMethodAccessorImpl.invoke0(Native Method) ~[?:1.8.0_401]
	at sun.reflect.NativeMethodAccessorImpl.invoke(NativeMethodAccessorImpl.java:62) ~[?:1.8.0_401]
	at sun.reflect.DelegatingMethodAccessorImpl.invoke(DelegatingMethodAccessorImpl.java:43) ~[?:1.8.0_401]
	at java.lang.reflect.Method.invoke(Method.java:498) ~[?:1.8.0_401]
	at org.springframework.web.method.support.InvocableHandlerMethod.doInvoke(InvocableHandlerMethod.java:205) ~[spring-web-5.3.26.jar:5.3.26]
	at org.springframework.web.method.support.InvocableHandlerMethod.invokeForRequest(InvocableHandlerMethod.java:150) ~[spring-web-5.3.26.jar:5.3.26]
	at org.springframework.web.servlet.mvc.method.annotation.ServletInvocableHandlerMethod.invokeAndHandle(ServletInvocableHandlerMethod.java:117) ~[spring-webmvc-5.3.26.jar:5.3.26]
	at org.springframework.web.servlet.mvc.method.annotation.RequestMappingHandlerAdapter.invokeHandlerMethod(RequestMappingHandlerAdapter.java:895) ~[spring-webmvc-5.3.26.jar:5.3.26]
	at org.springframework.web.servlet.mvc.method.annotation.RequestMappingHandlerAdapter.handleInternal(RequestMappingHandlerAdapter.java:808) ~[spring-webmvc-5.3.26.jar:5.3.26]
	at org.springframework.web.servlet.mvc.method.AbstractHandlerMethodAdapter.handle(AbstractHandlerMethodAdapter.java:87) ~[spring-webmvc-5.3.26.jar:5.3.26]
	at org.springframework.web.servlet.DispatcherServlet.doDispatch(DispatcherServlet.java:1072) ~[spring-webmvc-5.3.26.jar:5.3.26]
	at org.springframework.web.servlet.DispatcherServlet.doService(DispatcherServlet.java:965) ~[spring-webmvc-5.3.26.jar:5.3.26]
	at org.springframework.web.servlet.FrameworkServlet.processRequest(FrameworkServlet.java:1006) ~[spring-webmvc-5.3.26.jar:5.3.26]
	at org.springframework.web.servlet.FrameworkServlet.doPost(FrameworkServlet.java:909) ~[spring-webmvc-5.3.26.jar:5.3.26]
	at javax.servlet.http.HttpServlet.service(HttpServlet.java:528) ~[tomcat-embed-core-9.0.73.jar:4.0.FR]
	at org.springframework.web.servlet.FrameworkServlet.service(FrameworkServlet.java:883) ~[spring-webmvc-5.3.26.jar:5.3.26]
	at javax.servlet.http.HttpServlet.service(HttpServlet.java:596) ~[tomcat-embed-core-9.0.73.jar:4.0.FR]
	at org.apache.catalina.core.ApplicationFilterChain.internalDoFilter(ApplicationFilterChain.java:209) ~[tomcat-embed-core-9.0.73.jar:9.0.73]
	at org.apache.catalina.core.ApplicationFilterChain.doFilter(ApplicationFilterChain.java:153) ~[tomcat-embed-core-9.0.73.jar:9.0.73]
	at org.apache.tomcat.websocket.server.WsFilter.doFilter(WsFilter.java:53) ~[tomcat-embed-websocket-9.0.73.jar:9.0.73]
	at org.apache.catalina.core.ApplicationFilterChain.internalDoFilter(ApplicationFilterChain.java:178) ~[tomcat-embed-core-9.0.73.jar:9.0.73]
	at org.apache.catalina.core.ApplicationFilterChain.doFilter(ApplicationFilterChain.java:153) ~[tomcat-embed-core-9.0.73.jar:9.0.73]
	at org.springframework.web.servlet.resource.ResourceUrlEncodingFilter.doFilter(ResourceUrlEncodingFilter.java:67) ~[spring-webmvc-5.3.26.jar:5.3.26]
	at org.apache.catalina.core.ApplicationFilterChain.internalDoFilter(ApplicationFilterChain.java:178) ~[tomcat-embed-core-9.0.73.jar:9.0.73]
	at org.apache.catalina.core.ApplicationFilterChain.doFilter(ApplicationFilterChain.java:153) ~[tomcat-embed-core-9.0.73.jar:9.0.73]
	at org.springframework.web.filter.RequestContextFilter.doFilterInternal(RequestContextFilter.java:100) ~[spring-web-5.3.26.jar:5.3.26]
	at org.springframework.web.filter.OncePerRequestFilter.doFilter(OncePerRequestFilter.java:117) ~[spring-web-5.3.26.jar:5.3.26]
	at org.apache.catalina.core.ApplicationFilterChain.internalDoFilter(ApplicationFilterChain.java:178) ~[tomcat-embed-core-9.0.73.jar:9.0.73]
	at org.apache.catalina.core.ApplicationFilterChain.doFilter(ApplicationFilterChain.java:153) ~[tomcat-embed-core-9.0.73.jar:9.0.73]
	at org.springframework.web.filter.FormContentFilter.doFilterInternal(FormContentFilter.java:93) ~[spring-web-5.3.26.jar:5.3.26]
	at org.springframework.web.filter.OncePerRequestFilter.doFilter(OncePerRequestFilter.java:117) ~[spring-web-5.3.26.jar:5.3.26]
	at org.apache.catalina.core.ApplicationFilterChain.internalDoFilter(ApplicationFilterChain.java:178) ~[tomcat-embed-core-9.0.73.jar:9.0.73]
	at org.apache.catalina.core.ApplicationFilterChain.doFilter(ApplicationFilterChain.java:153) ~[tomcat-embed-core-9.0.73.jar:9.0.73]
	at org.springframework.web.filter.CharacterEncodingFilter.doFilterInternal(CharacterEncodingFilter.java:201) ~[spring-web-5.3.26.jar:5.3.26]
	at org.springframework.web.filter.OncePerRequestFilter.doFilter(OncePerRequestFilter.java:117) ~[spring-web-5.3.26.jar:5.3.26]
	at org.apache.catalina.core.ApplicationFilterChain.internalDoFilter(ApplicationFilterChain.java:178) ~[tomcat-embed-core-9.0.73.jar:9.0.73]
	at org.apache.catalina.core.ApplicationFilterChain.doFilter(ApplicationFilterChain.java:153) ~[tomcat-embed-core-9.0.73.jar:9.0.73]
	at org.apache.catalina.core.StandardWrapperValve.invoke(StandardWrapperValve.java:167) ~[tomcat-embed-core-9.0.73.jar:9.0.73]
	at org.apache.catalina.core.StandardContextValve.invoke(StandardContextValve.java:90) ~[tomcat-embed-core-9.0.73.jar:9.0.73]
	at org.apache.catalina.authenticator.AuthenticatorBase.invoke(AuthenticatorBase.java:492) ~[tomcat-embed-core-9.0.73.jar:9.0.73]
	at org.apache.catalina.core.StandardHostValve.invoke(StandardHostValve.java:130) ~[tomcat-embed-core-9.0.73.jar:9.0.73]
	at org.apache.catalina.valves.ErrorReportValve.invoke(ErrorReportValve.java:93) ~[tomcat-embed-core-9.0.73.jar:9.0.73]
	at org.apache.catalina.core.StandardEngineValve.invoke(StandardEngineValve.java:74) ~[tomcat-embed-core-9.0.73.jar:9.0.73]
	at org.apache.catalina.connector.CoyoteAdapter.service(CoyoteAdapter.java:343) ~[tomcat-embed-core-9.0.73.jar:9.0.73]
	at org.apache.coyote.http11.Http11Processor.service(Http11Processor.java:389) ~[tomcat-embed-core-9.0.73.jar:9.0.73]
	at org.apache.coyote.AbstractProcessorLight.process(AbstractProcessorLight.java:63) ~[tomcat-embed-core-9.0.73.jar:9.0.73]
	at org.apache.coyote.AbstractProtocol$ConnectionHandler.process(AbstractProtocol.java:926) ~[tomcat-embed-core-9.0.73.jar:9.0.73]
	at org.apache.tomcat.util.net.NioEndpoint$SocketProcessor.doRun(NioEndpoint.java:1791) ~[tomcat-embed-core-9.0.73.jar:9.0.73]
	at org.apache.tomcat.util.net.SocketProcessorBase.run(SocketProcessorBase.java:49) ~[tomcat-embed-core-9.0.73.jar:9.0.73]
	at org.apache.tomcat.util.threads.ThreadPoolExecutor.runWorker(ThreadPoolExecutor.java:1191) ~[tomcat-embed-core-9.0.73.jar:9.0.73]
	at org.apache.tomcat.util.threads.ThreadPoolExecutor$Worker.run(ThreadPoolExecutor.java:659) ~[tomcat-embed-core-9.0.73.jar:9.0.73]
	at org.apache.tomcat.util.threads.TaskThread$WrappingRunnable.run(TaskThread.java:61) ~[tomcat-embed-core-9.0.73.jar:9.0.73]
	at java.lang.Thread.run(Thread.java:750) ~[?:1.8.0_401]
Caused by: java.lang.RuntimeException: Access Token 요청 실패
	at com.swyp.saratang.service.AuthServiceImpl.getAccessToken(AuthServiceImpl.java:155) ~[classes/:?]
	at com.swyp.saratang.service.AuthServiceImpl.snsLogin(AuthServiceImpl.java:76) ~[classes/:?]
	... 54 more
Caused by: java.lang.RuntimeException: naver Access Token 요청 실패: 응답이 null 또는 access_token 없음
	at com.swyp.saratang.service.AuthServiceImpl.getAccessToken(AuthServiceImpl.java:148) ~[classes/:?]
	at com.swyp.saratang.service.AuthServiceImpl.snsLogin(AuthServiceImpl.java:76) ~[classes/:?]
	... 54 more
[2025-02-21 19:38:05] [INFO] [SpringApplicationAdminMXBeanRegistrar$SpringApplicationAdmin] - Application shutdown requested.
[2025-02-21 19:38:05] [INFO] [Http11NioProtocol] - Pausing ProtocolHandler ["http-nio-8080"]
[2025-02-21 19:38:05] [INFO] [StandardService] - Stopping service [Tomcat]
[2025-02-21 19:38:05] [INFO] [[/]] - Destroying Spring FrameworkServlet 'dispatcherServlet'
[2025-02-21 19:38:05] [WARN] [WebappClassLoaderBase] - The web application [ROOT] appears to have started a thread named [HikariPool-1 housekeeper] but has failed to stop it. This is very likely to create a memory leak. Stack trace of thread:
 sun.misc.Unsafe.park(Native Method)
 java.util.concurrent.locks.LockSupport.parkNanos(LockSupport.java:215)
 java.util.concurrent.locks.AbstractQueuedSynchronizer$ConditionObject.awaitNanos(AbstractQueuedSynchronizer.java:2078)
 java.util.concurrent.ScheduledThreadPoolExecutor$DelayedWorkQueue.take(ScheduledThreadPoolExecutor.java:1093)
 java.util.concurrent.ScheduledThreadPoolExecutor$DelayedWorkQueue.take(ScheduledThreadPoolExecutor.java:809)
 java.util.concurrent.ThreadPoolExecutor.getTask(ThreadPoolExecutor.java:1074)
 java.util.concurrent.ThreadPoolExecutor.runWorker(ThreadPoolExecutor.java:1134)
 java.util.concurrent.ThreadPoolExecutor$Worker.run(ThreadPoolExecutor.java:624)
 java.lang.Thread.run(Thread.java:750)
[2025-02-21 19:38:05] [INFO] [Http11NioProtocol] - Stopping ProtocolHandler ["http-nio-8080"]
[2025-02-21 19:38:05] [INFO] [Http11NioProtocol] - Destroying ProtocolHandler ["http-nio-8080"]
[2025-02-21 19:38:05] [INFO] [HikariDataSource] - HikariPool-1 - Shutdown initiated...
[2025-02-21 19:38:05] [INFO] [HikariDataSource] - HikariPool-1 - Shutdown completed.
[2025-02-21 19:38:08] [INFO] [SaratangApplication] - Starting SaratangApplication using Java 1.8.0_401 on 24정보전략부노트북1 with PID 18624 (C:\Users\SAC_IT(1)\git\saratang\saratang\target\classes started by 2024정보전략부노트북1 in C:\Users\SAC_IT(1)\git\saratang\saratang)
[2025-02-21 19:38:08] [DEBUG] [SaratangApplication] - Running with Spring Boot v2.7.10, Spring v5.3.26
[2025-02-21 19:38:08] [INFO] [SaratangApplication] - No active profile set, falling back to 1 default profile: "default"
[2025-02-21 19:38:09] [INFO] [TomcatWebServer] - Tomcat initialized with port(s): 8080 (http)
[2025-02-21 19:38:09] [INFO] [Http11NioProtocol] - Initializing ProtocolHandler ["http-nio-8080"]
[2025-02-21 19:38:09] [INFO] [StandardService] - Starting service [Tomcat]
[2025-02-21 19:38:09] [INFO] [StandardEngine] - Starting Servlet engine: [Apache Tomcat/9.0.73]
[2025-02-21 19:38:09] [INFO] [[/]] - Initializing Spring embedded WebApplicationContext
[2025-02-21 19:38:09] [INFO] [ServletWebServerApplicationContext] - Root WebApplicationContext: initialization completed in 1218 ms
[2025-02-21 19:38:11] [INFO] [Http11NioProtocol] - Starting ProtocolHandler ["http-nio-8080"]
[2025-02-21 19:38:11] [INFO] [TomcatWebServer] - Tomcat started on port(s): 8080 (http) with context path ''
[2025-02-21 19:38:11] [INFO] [SaratangApplication] - Started SaratangApplication in 3.718 seconds (JVM running for 4.782)
[2025-02-21 19:39:00] [INFO] [[/]] - Initializing Spring DispatcherServlet 'dispatcherServlet'
[2025-02-21 19:39:00] [INFO] [DispatcherServlet] - Initializing Servlet 'dispatcherServlet'
[2025-02-21 19:39:00] [INFO] [DispatcherServlet] - Completed initialization in 3 ms
[2025-02-21 19:39:14] [INFO] [AuthController] - SNS 로그인 요청 - Provider: naver, Session ID: 22A19F684299B914050BD98B54418A0E
[2025-02-21 19:39:14] [INFO] [AuthServiceImpl] - Sending request to: https://openapi.naver.com/v1/nid/me
[2025-02-21 19:39:14] [INFO] [AuthServiceImpl] - Response received: {resultcode=00, message=success, response={id=5F2NigD2ts7TaJmq6SyVOp7IRa1CpdzW0M_3Q-Rd6w4, nickname=김지뮤, profile_image=https://ssl.pstatic.net/static/pwe/address/img_profile.png, age=30-39, gender=M, email=wls922@naver.com, mobile=010-9050-8268, mobile_e164=+821090508268, name=김진유, birthday=09-22, birthyear=1994}}
[2025-02-21 19:39:14] [INFO] [HikariDataSource] - HikariPool-1 - Starting...
[2025-02-21 19:39:15] [INFO] [HikariDataSource] - HikariPool-1 - Start completed.
[2025-02-21 19:39:15] [DEBUG] [findBySocialId] - ==>  Preparing: SELECT * FROM users WHERE social_id = ? AND auth_provider = ?
[2025-02-21 19:39:15] [DEBUG] [findBySocialId] - ==> Parameters: 5F2NigD2ts7TaJmq6SyVOp7IRa1CpdzW0M_3Q-Rd6w4(String), naver(String)
[2025-02-21 19:39:15] [DEBUG] [findBySocialId] - <==      Total: 0
[2025-02-21 19:39:15] [DEBUG] [findByEmail] - ==>  Preparing: SELECT * FROM users WHERE email = ? and is_active=true
[2025-02-21 19:39:15] [DEBUG] [findByEmail] - ==> Parameters: wls922@naver.com(String)
[2025-02-21 19:39:15] [DEBUG] [findByEmail] - <==      Total: 0
[2025-02-21 19:39:15] [DEBUG] [insertUser] - ==>  Preparing: INSERT INTO users (social_id, auth_provider, email, nickname, email_verified, username, is_active,regdate) VALUES (?, ?, ?, ?, ?, ?, true, NOW())
[2025-02-21 19:39:15] [DEBUG] [insertUser] - ==> Parameters: 5F2NigD2ts7TaJmq6SyVOp7IRa1CpdzW0M_3Q-Rd6w4(String), naver(String), wls922@naver.com(String), 김지뮤(String), true(Boolean), null
[2025-02-21 19:39:15] [DEBUG] [insertUser] - <==    Updates: 1
[2025-02-21 19:39:15] [INFO] [AuthController] - 프로필 입력 필요 - Social ID: 5F2NigD2ts7TaJmq6SyVOp7IRa1CpdzW0M_3Q-Rd6w4
[2025-02-21 19:39:47] [DEBUG] [newUserProfile] - ==>  Preparing: UPDATE users SET username = ?, weight = ?, height = ?, top_size = ?, bottom_size = ?, foot_size = ?, is_active = true, role= 'regular', bio = ?, birth_date = ?, gender=?, is_active = true, profile_yn = true WHERE social_id = ? AND auth_provider = ?
[2025-02-21 19:39:47] [DEBUG] [newUserProfile] - ==> Parameters: 홍길동(String), 70(Integer), 175(Integer), 100(Integer), 32(Integer), 270(Integer), 패션을 좋아하는 사람입니다.(String), 1995-08-25 09:00:00.0(Timestamp), male(String), 5F2NigD2ts7TaJmq6SyVOp7IRa1CpdzW0M_3Q-Rd6w4(String), naver(String)
[2025-02-21 19:39:47] [DEBUG] [newUserProfile] - <==    Updates: 1
[2025-02-21 19:39:47] [DEBUG] [findBySocialId] - ==>  Preparing: SELECT * FROM users WHERE social_id = ? AND auth_provider = ?
[2025-02-21 19:39:47] [DEBUG] [findBySocialId] - ==> Parameters: 5F2NigD2ts7TaJmq6SyVOp7IRa1CpdzW0M_3Q-Rd6w4(String), naver(String)
[2025-02-21 19:39:47] [DEBUG] [findBySocialId] - <==      Total: 1
[2025-02-21 19:40:18] [INFO] [SpringBootTestContextBootstrapper] - Neither @ContextConfiguration nor @ContextHierarchy found for test class [com.swyp.saratang.SaratangApplicationTests], using SpringBootContextLoader
[2025-02-21 19:40:18] [INFO] [AbstractContextLoader] - Could not detect default resource locations for test class [com.swyp.saratang.SaratangApplicationTests]: no resource found for suffixes {-context.xml, Context.groovy}.
[2025-02-21 19:40:18] [INFO] [AnnotationConfigContextLoaderUtils] - Could not detect default configuration classes for test class [com.swyp.saratang.SaratangApplicationTests]: SaratangApplicationTests does not declare any static, non-private, non-final, nested classes annotated with @Configuration.
[2025-02-21 19:40:18] [INFO] [SpringBootTestContextBootstrapper] - Found @SpringBootConfiguration com.swyp.saratang.SaratangApplication for test class com.swyp.saratang.SaratangApplicationTests
[2025-02-21 19:40:18] [INFO] [SpringBootTestContextBootstrapper] - Loaded default TestExecutionListener class names from location [META-INF/spring.factories]: [org.springframework.boot.test.mock.mockito.MockitoTestExecutionListener, org.springframework.boot.test.mock.mockito.ResetMocksTestExecutionListener, org.springframework.boot.test.autoconfigure.restdocs.RestDocsTestExecutionListener, org.springframework.boot.test.autoconfigure.web.client.MockRestServiceServerResetTestExecutionListener, org.springframework.boot.test.autoconfigure.web.servlet.MockMvcPrintOnlyOnFailureTestExecutionListener, org.springframework.boot.test.autoconfigure.web.servlet.WebDriverTestExecutionListener, org.springframework.boot.test.autoconfigure.webservices.client.MockWebServiceServerTestExecutionListener, org.springframework.test.context.web.ServletTestExecutionListener, org.springframework.test.context.support.DirtiesContextBeforeModesTestExecutionListener, org.springframework.test.context.event.ApplicationEventsTestExecutionListener, org.springframework.test.context.support.DependencyInjectionTestExecutionListener, org.springframework.test.context.support.DirtiesContextTestExecutionListener, org.springframework.test.context.transaction.TransactionalTestExecutionListener, org.springframework.test.context.jdbc.SqlScriptsTestExecutionListener, org.springframework.test.context.event.EventPublishingTestExecutionListener]
[2025-02-21 19:40:18] [INFO] [SpringBootTestContextBootstrapper] - Using TestExecutionListeners: [org.springframework.test.context.web.ServletTestExecutionListener@3a6f2de3, org.springframework.test.context.support.DirtiesContextBeforeModesTestExecutionListener@49872d67, org.springframework.test.context.event.ApplicationEventsTestExecutionListener@56303b57, org.springframework.boot.test.mock.mockito.MockitoTestExecutionListener@4b2a01d4, org.springframework.boot.test.autoconfigure.SpringBootDependencyInjectionTestExecutionListener@8692d67, org.springframework.test.context.support.DirtiesContextTestExecutionListener@78f5c518, org.springframework.test.context.transaction.TransactionalTestExecutionListener@2f48b3d2, org.springframework.test.context.jdbc.SqlScriptsTestExecutionListener@34f7234e, org.springframework.test.context.event.EventPublishingTestExecutionListener@753432a2, org.springframework.boot.test.mock.mockito.ResetMocksTestExecutionListener@23bff419, org.springframework.boot.test.autoconfigure.restdocs.RestDocsTestExecutionListener@4983159f, org.springframework.boot.test.autoconfigure.web.client.MockRestServiceServerResetTestExecutionListener@44e3a2b2, org.springframework.boot.test.autoconfigure.web.servlet.MockMvcPrintOnlyOnFailureTestExecutionListener@101639ae, org.springframework.boot.test.autoconfigure.web.servlet.WebDriverTestExecutionListener@4c550889, org.springframework.boot.test.autoconfigure.webservices.client.MockWebServiceServerTestExecutionListener@1d2bd371]
[2025-02-21 19:40:19] [INFO] [SaratangApplicationTests] - Starting SaratangApplicationTests using Java 1.8.0_401 on 24γƮ1 with PID 19256 (started by 2024γƮ1 in C:\Users\SAC_IT(1)\git\saratang\saratang)
[2025-02-21 19:40:19] [DEBUG] [SaratangApplicationTests] - Running with Spring Boot v2.7.10, Spring v5.3.26
[2025-02-21 19:40:19] [INFO] [SaratangApplicationTests] - No active profile set, falling back to 1 default profile: "default"
[2025-02-21 19:40:26] [INFO] [SaratangApplicationTests] - Started SaratangApplicationTests in 7.359 seconds (JVM running for 8.756)
